mode: set
api_testing/controllers/authToken.go:14.42,26.16 3 1
api_testing/controllers/authToken.go:31.2,40.47 6 1
api_testing/controllers/authToken.go:45.2,45.31 1 1
api_testing/controllers/authToken.go:50.2,51.68 2 1
api_testing/controllers/authToken.go:55.2,56.9 2 1
api_testing/controllers/authToken.go:60.2,60.19 1 0
api_testing/controllers/authToken.go:26.16,28.3 1 0
api_testing/controllers/authToken.go:40.47,42.3 1 0
api_testing/controllers/authToken.go:45.31,47.3 1 0
api_testing/controllers/authToken.go:51.68,53.3 1 0
api_testing/controllers/authToken.go:56.9,58.3 1 1
api_testing/controllers/book_controller.go:14.47,22.53 2 0
api_testing/controllers/book_controller.go:29.2,32.4 1 0
api_testing/controllers/book_controller.go:22.53,27.3 1 0
api_testing/controllers/book_controller.go:35.46,43.16 3 0
api_testing/controllers/book_controller.go:49.2,50.57 2 0
api_testing/controllers/book_controller.go:56.2,59.4 1 0
api_testing/controllers/book_controller.go:43.16,47.3 1 0
api_testing/controllers/book_controller.go:50.57,54.3 1 0
api_testing/controllers/book_controller.go:62.49,70.38 2 0
api_testing/controllers/book_controller.go:77.2,77.54 1 0
api_testing/controllers/book_controller.go:84.2,87.4 1 0
api_testing/controllers/book_controller.go:70.38,75.3 1 0
api_testing/controllers/book_controller.go:77.54,82.3 1 0
api_testing/controllers/book_controller.go:90.49,98.16 3 0
api_testing/controllers/book_controller.go:104.2,105.57 2 0
api_testing/controllers/book_controller.go:111.2,111.58 1 0
api_testing/controllers/book_controller.go:118.2,120.4 1 0
api_testing/controllers/book_controller.go:98.16,102.3 1 0
api_testing/controllers/book_controller.go:105.57,109.3 1 0
api_testing/controllers/book_controller.go:111.58,116.3 1 0
api_testing/controllers/book_controller.go:123.49,131.16 3 0
api_testing/controllers/book_controller.go:137.2,138.57 2 0
api_testing/controllers/book_controller.go:144.2,144.38 1 0
api_testing/controllers/book_controller.go:151.2,151.52 1 0
api_testing/controllers/book_controller.go:158.2,161.4 1 0
api_testing/controllers/book_controller.go:131.16,135.3 1 0
api_testing/controllers/book_controller.go:138.57,142.3 1 0
api_testing/controllers/book_controller.go:144.38,149.3 1 0
api_testing/controllers/book_controller.go:151.52,156.3 1 0
api_testing/controllers/user_controller.go:14.47,22.53 2 0
api_testing/controllers/user_controller.go:29.2,32.4 1 0
api_testing/controllers/user_controller.go:22.53,27.3 1 0
api_testing/controllers/user_controller.go:35.46,47.16 3 1
api_testing/controllers/user_controller.go:53.2,54.57 2 1
api_testing/controllers/user_controller.go:60.2,63.4 1 0
api_testing/controllers/user_controller.go:47.16,51.3 1 0
api_testing/controllers/user_controller.go:54.57,58.3 1 1
api_testing/controllers/user_controller.go:66.49,69.38 2 1
api_testing/controllers/user_controller.go:76.2,76.54 1 1
api_testing/controllers/user_controller.go:83.2,86.4 1 1
api_testing/controllers/user_controller.go:69.38,74.3 1 0
api_testing/controllers/user_controller.go:76.54,81.3 1 0
api_testing/controllers/user_controller.go:89.48,94.41 2 1
api_testing/controllers/user_controller.go:98.2,99.87 2 1
api_testing/controllers/user_controller.go:103.2,103.39 1 1
api_testing/controllers/user_controller.go:112.2,116.4 1 1
api_testing/controllers/user_controller.go:94.41,96.3 1 0
api_testing/controllers/user_controller.go:99.87,101.3 1 0
api_testing/controllers/user_controller.go:103.39,105.3 1 0
api_testing/controllers/user_controller.go:119.49,131.16 3 1
api_testing/controllers/user_controller.go:137.2,138.57 2 1
api_testing/controllers/user_controller.go:144.2,144.58 1 0
api_testing/controllers/user_controller.go:151.2,153.4 1 0
api_testing/controllers/user_controller.go:131.16,135.3 1 0
api_testing/controllers/user_controller.go:138.57,142.3 1 1
api_testing/controllers/user_controller.go:144.58,149.3 1 0
api_testing/controllers/user_controller.go:156.49,168.16 3 1
api_testing/controllers/user_controller.go:174.2,175.57 2 1
api_testing/controllers/user_controller.go:181.2,181.38 1 0
api_testing/controllers/user_controller.go:188.2,188.52 1 0
api_testing/controllers/user_controller.go:195.2,198.4 1 0
api_testing/controllers/user_controller.go:168.16,172.3 1 0
api_testing/controllers/user_controller.go:175.57,179.3 1 1
api_testing/controllers/user_controller.go:181.38,186.3 1 0
api_testing/controllers/user_controller.go:188.52,193.3 1 0
